Using pre-set license
Built from '2022.3/staging' branch; Version is '2022.3.42f1 (2dcb6a0abc42) revision 3001194'; Using compiler version '192829333'; Build Type 'Release'
OS: 'Windows 11  (10.0.22631) 64bit Core' Language: 'en' Physical Memory: 15720 MB
BatchMode: 1, IsHumanControllingUs: 0, StartBugReporterOnCrash: 0, Is64bit: 1, IsPro: 1

COMMAND LINE ARGUMENTS:
C:\Program Files\Unity 2022.3.42f1\Editor\Unity.exe
-adb2
-batchMode
-noUpm
-name
AssetImportWorker0
-projectPath
C:/Users/vin50/OneDrive/Documents/UnityProjects/gmtk2024/GMTK2024
-logFile
Logs/AssetImportWorker0.log
-srvPort
50214
Successfully changed project path to: C:/Users/vin50/OneDrive/Documents/UnityProjects/gmtk2024/GMTK2024
C:/Users/vin50/OneDrive/Documents/UnityProjects/gmtk2024/GMTK2024
[UnityMemory] Configuration Parameters - Can be set up in boot.config
    "memorysetup-bucket-allocator-granularity=16"
    "memorysetup-bucket-allocator-bucket-count=8"
    "memorysetup-bucket-allocator-block-size=33554432"
    "memorysetup-bucket-allocator-block-count=8"
    "memorysetup-main-allocator-block-size=16777216"
    "memorysetup-thread-allocator-block-size=16777216"
    "memorysetup-gfx-main-allocator-block-size=16777216"
    "memorysetup-gfx-thread-allocator-block-size=16777216"
    "memorysetup-cache-allocator-block-size=4194304"
    "memorysetup-typetree-allocator-block-size=2097152"
    "memorysetup-profiler-bucket-allocator-granularity=16"
    "memorysetup-profiler-bucket-allocator-bucket-count=8"
    "memorysetup-profiler-bucket-allocator-block-size=33554432"
    "memorysetup-profiler-bucket-allocator-block-count=8"
    "memorysetup-profiler-allocator-block-size=16777216"
    "memorysetup-profiler-editor-allocator-block-size=1048576"
    "memorysetup-temp-allocator-size-main=16777216"
    "memorysetup-job-temp-allocator-block-size=2097152"
    "memorysetup-job-temp-allocator-block-size-background=1048576"
    "memorysetup-job-temp-allocator-reduction-small-platforms=262144"
    "memorysetup-allocator-temp-initial-block-size-main=262144"
    "memorysetup-allocator-temp-initial-block-size-worker=262144"
    "memorysetup-temp-allocator-size-background-worker=32768"
    "memorysetup-temp-allocator-size-job-worker=262144"
    "memorysetup-temp-allocator-size-preload-manager=33554432"
    "memorysetup-temp-allocator-size-nav-mesh-worker=65536"
    "memorysetup-temp-allocator-size-audio-worker=65536"
    "memorysetup-temp-allocator-size-cloud-worker=32768"
    "memorysetup-temp-allocator-size-gi-baking-worker=262144"
    "memorysetup-temp-allocator-size-gfx=262144"
Player connection [11456]  Target information:

Player connection [11456]  * "[IP] 192.168.1.201 [Port] 0 [Flags] 2 [Guid] 3049191823 [EditorId] 3049191823 [Version] 1048832 [Id] WindowsEditor(7,DESKTOP-0ENCA19) [Debug] 1 [PackageName] WindowsEditor [ProjectName] Editor" 

Player connection [11456] Host joined multi-casting on [225.0.0.222:54997]...
Player connection [11456] Host joined alternative multi-casting on [225.0.0.222:34997]...
[PhysX] Initialized MultithreadedTaskDispatcher with 16 workers.
Refreshing native plugins compatible for Editor in 11.96 ms, found 4 plugins.
Preloading 0 native plugins for Editor in 0.00 ms.
Initialize engine version: 2022.3.42f1 (2dcb6a0abc42)
[Subsystems] Discovering subsystems at path C:/Program Files/Unity 2022.3.42f1/Editor/Data/Resources/UnitySubsystems
[Subsystems] Discovering subsystems at path C:/Users/vin50/OneDrive/Documents/UnityProjects/gmtk2024/GMTK2024/Assets
GfxDevice: creating device client; threaded=0; jobified=0
Direct3D:
    Version:  Direct3D 11.0 [level 11.1]
    Renderer: NVIDIA GeForce RTX 3070 Laptop GPU (ID=0x24dd)
    Vendor:   NVIDIA
    VRAM:     8020 MB
    Driver:   32.0.15.6070
Initialize mono
Mono path[0] = 'C:/Program Files/Unity 2022.3.42f1/Editor/Data/Managed'
Mono path[1] = 'C:/Program Files/Unity 2022.3.42f1/Editor/Data/MonoBleedingEdge/lib/mono/unityjit-win32'
Mono config path = 'C:/Program Files/Unity 2022.3.42f1/Editor/Data/MonoBleedingEdge/etc'
Using monoOptions --debugger-agent=transport=dt_socket,embedding=1,server=y,suspend=n,address=127.0.0.1:56448
Begin MonoManager ReloadAssembly
Registering precompiled unity dll's ...
Register platform support module: C:/Program Files/Unity 2022.3.42f1/Editor/Data/PlaybackEngines/WindowsStandaloneSupport/UnityEditor.WindowsStandalone.Extensions.dll
Registered in 0.005607 seconds.
- Loaded All Assemblies, in  0.392 seconds
Native extension for WindowsStandalone target not found
Mono: successfully reloaded assembly
- Finished resetting the current domain, in  0.289 seconds
Domain Reload Profiling: 680ms
	BeginReloadAssembly (119ms)
		ExecutionOrderSort (0ms)
		DisableScriptedObjects (0ms)
		BackupInstance (0ms)
		ReleaseScriptingObjects (0ms)
		CreateAndSetChildDomain (1ms)
	RebuildCommonClasses (41ms)
	RebuildNativeTypeToScriptingClass (13ms)
	initialDomainReloadingComplete (62ms)
	LoadAllAssembliesAndSetupDomain (156ms)
		LoadAssemblies (115ms)
		RebuildTransferFunctionScriptingTraits (0ms)
		AnalyzeDomain (154ms)
			TypeCache.Refresh (152ms)
				TypeCache.ScanAssembly (138ms)
			ScanForSourceGeneratedMonoScriptInfo (0ms)
			ResolveRequiredComponents (1ms)
	FinalizeReload (289ms)
		ReleaseScriptCaches (0ms)
		RebuildScriptCaches (0ms)
		SetupLoadedEditorAssemblies (243ms)
			LogAssemblyErrors (0ms)
			InitializePlatformSupportModulesInManaged (8ms)
			SetLoadedEditorAssemblies (8ms)
			RefreshPlugins (0ms)
			BeforeProcessingInitializeOnLoad (2ms)
			ProcessInitializeOnLoadAttributes (172ms)
			ProcessInitializeOnLoadMethodAttributes (52ms)
			AfterProcessingInitializeOnLoad (0ms)
			EditorAssembliesLoaded (0ms)
		ExecutionOrderSort2 (0ms)
		AwakeInstancesAfterBackupRestoration (0ms)
========================================================================
Worker process is ready to serve import requests
Caller must complete domain reload
Begin MonoManager ReloadAssembly
- Loaded All Assemblies, in  0.761 seconds
Native extension for WindowsStandalone target not found
Package Manager log level set to [2]
[Package Manager] Server::EnsureServerProcessIsRunning -- launch failed, reason: Unity was launched with the -noUpm command-line argument
[Package Manager] UpmClient::Send -- Unable to send message (not connected to UPM process).
[Package Manager] Cannot connect to Unity Package Manager local server
Mono: successfully reloaded assembly
- Finished resetting the current domain, in  1.126 seconds
Domain Reload Profiling: 1884ms
	BeginReloadAssembly (157ms)
		ExecutionOrderSort (0ms)
		DisableScriptedObjects (6ms)
		BackupInstance (0ms)
		ReleaseScriptingObjects (0ms)
		CreateAndSetChildDomain (23ms)
	RebuildCommonClasses (30ms)
	RebuildNativeTypeToScriptingClass (11ms)
	initialDomainReloadingComplete (47ms)
	LoadAllAssembliesAndSetupDomain (513ms)
		LoadAssemblies (370ms)
		RebuildTransferFunctionScriptingTraits (0ms)
		AnalyzeDomain (235ms)
			TypeCache.Refresh (187ms)
				TypeCache.ScanAssembly (170ms)
			ScanForSourceGeneratedMonoScriptInfo (32ms)
			ResolveRequiredComponents (13ms)
	FinalizeReload (1126ms)
		ReleaseScriptCaches (0ms)
		RebuildScriptCaches (0ms)
		SetupLoadedEditorAssemblies (933ms)
			LogAssemblyErrors (0ms)
			InitializePlatformSupportModulesInManaged (6ms)
			SetLoadedEditorAssemblies (6ms)
			RefreshPlugins (0ms)
			BeforeProcessingInitializeOnLoad (114ms)
			ProcessInitializeOnLoadAttributes (721ms)
			ProcessInitializeOnLoadMethodAttributes (78ms)
			AfterProcessingInitializeOnLoad (7ms)
			EditorAssembliesLoaded (0ms)
		ExecutionOrderSort2 (0ms)
		AwakeInstancesAfterBackupRestoration (10ms)
Launched and connected shader compiler UnityShaderCompiler.exe after 0.06 seconds
Refreshing native plugins compatible for Editor in 6.61 ms, found 4 plugins.
Preloading 0 native plugins for Editor in 0.00 ms.
Unloading 5667 Unused Serialized files (Serialized files now loaded: 0)
Unloading 48 unused Assets / (0.9 MB). Loaded Objects now: 6119.
Memory consumption went from 215.6 MB to 214.7 MB.
Total: 5.310700 ms (FindLiveObjects: 0.577900 ms CreateObjectMapping: 0.227700 ms MarkObjects: 4.052000 ms  DeleteObjects: 0.451900 ms)

AssetImportParameters requested are different than current active one (requested -> active):
  custom:container-demuxer-ogg: 62fdf1f143b41e24485cea50d1cbac27 -> 
  custom:video-codec-MediaFoundation-h265: 746d11721c4dcdbdad8f713fa42b33f4 -> 
  custom:video-decoder-ogg-theora: a1e56fd34408186e4bbccfd4996cb3dc -> 
  custom:framework-win-MediaFoundation: 216162199b28c13a410421893ffa2e32 -> 
  custom:CustomObjectIndexerAttribute: 72b91833f83ae208fae7752999fa3104 -> 
  custom:container-demuxer-webm: 4f35f7cbe854078d1ac9338744f61a02 -> 
  custom:container-muxer-webm: aa71ff27fc2769a1b78a27578f13a17b -> 
  custom:video-decoder-webm-vp8: 9c59270c3fd7afecdb556c50c9e8de78 -> 
  custom:SearchIndexIgnoredProperties: e643bd26f0fe6173181afceb89e7c659 -> 
  custom:AudioImporter_EditorPlatform: d09bf68614088b80899f8185d706f6e7 -> 
  custom:video-encoder-webm-vp8: eb34c28f22e8b96e1ab97ce403110664 -> 
  custom:audio-decoder-ogg-vorbis: bf7c407c2cedff20999df2af8eb42d56 -> 
  custom:audio-encoder-webm-vorbis: bf7c407c2cedff20999df2af8eb42d56 -> 
========================================================================
Received Import Request.
  Time since last request: 243188.839202 seconds.
  path: Assets/Art
  artifactKey: Guid(8d970b6d5b6afab42bae003daa39af43) Importer(815301076,1909f56bfc062723c751e8b465ee728b)
Start importing Assets/Art using Guid(8d970b6d5b6afab42bae003daa39af43) Importer(815301076,1909f56bfc062723c751e8b465ee728b) [PhysX] Initialized MultithreadedTaskDispatcher with 16 workers.
 -> (artifact id: '2e959ec0660ebfb03494ace0c2e6f4ef') in 0.003264 seconds
Number of updated asset objects reloaded before import = 0
Number of asset objects unloaded after import = 0
========================================================================
Received Import Request.
  Time since last request: 0.801376 seconds.
  path: Assets
  artifactKey: Guid(00000000000000001000000000000000) Importer(815301076,1909f56bfc062723c751e8b465ee728b)
Start importing Assets using Guid(00000000000000001000000000000000) Importer(815301076,1909f56bfc062723c751e8b465ee728b) [PhysX] Initialized MultithreadedTaskDispatcher with 16 workers.
 -> (artifact id: 'ae5280ad91af67e2a353905758f96678') in 0.000724 seconds
Number of updated asset objects reloaded before import = 0
Number of asset objects unloaded after import = 0
========================================================================
Received Import Request.
  Time since last request: 3.597632 seconds.
  path: Assets/Script
  artifactKey: Guid(927b4bd9200241e47b5f071c72438c62) Importer(815301076,1909f56bfc062723c751e8b465ee728b)
Start importing Assets/Script using Guid(927b4bd9200241e47b5f071c72438c62) Importer(815301076,1909f56bfc062723c751e8b465ee728b) [PhysX] Initialized MultithreadedTaskDispatcher with 16 workers.
 -> (artifact id: '13da289312295be15d7543cf054660b7') in 0.000491 seconds
Number of updated asset objects reloaded before import = 0
Number of asset objects unloaded after import = 0
========================================================================
Received Import Request.
  Time since last request: 3.750972 seconds.
  path: Assets/Scripts
  artifactKey: Guid(927b4bd9200241e47b5f071c72438c62) Importer(815301076,1909f56bfc062723c751e8b465ee728b)
Start importing Assets/Scripts using Guid(927b4bd9200241e47b5f071c72438c62) Importer(815301076,1909f56bfc062723c751e8b465ee728b) [PhysX] Initialized MultithreadedTaskDispatcher with 16 workers.
 -> (artifact id: 'c1a59f6d28d298feacbaf252bd415167') in 0.000531 seconds
Number of updated asset objects reloaded before import = 0
Number of asset objects unloaded after import = 0
========================================================================
Received Import Request.
  Time since last request: 2.454314 seconds.
  path: Assets/Scenes
  artifactKey: Guid(46441ca3835fc454ca4376df0a414800) Importer(815301076,1909f56bfc062723c751e8b465ee728b)
Start importing Assets/Scenes using Guid(46441ca3835fc454ca4376df0a414800) Importer(815301076,1909f56bfc062723c751e8b465ee728b) [PhysX] Initialized MultithreadedTaskDispatcher with 16 workers.
 -> (artifact id: 'c1e8f3ccff41e71e731af7772458c5fd') in 0.001094 seconds
Number of updated asset objects reloaded before import = 0
Number of asset objects unloaded after import = 0
========================================================================
Received Import Request.
  Time since last request: 7.683475 seconds.
  path: Assets/Art/Enya_Idle[Spritesheet].png
  artifactKey: Guid(cf73d2daab172be4682d7539aa2de5f2) Importer(815301076,1909f56bfc062723c751e8b465ee728b)
Start importing Assets/Art/Enya_Idle[Spritesheet].png using Guid(cf73d2daab172be4682d7539aa2de5f2) Importer(815301076,1909f56bfc062723c751e8b465ee728b) [PhysX] Initialized MultithreadedTaskDispatcher with 16 workers.
[PhysX] Initialized MultithreadedTaskDispatcher with 16 workers.
 -> (artifact id: 'ca3ae2e9eedcf1919ce9e68fea7361c0') in 0.155135 seconds
Number of updated asset objects reloaded before import = 0
Number of asset objects unloaded after import = 3
========================================================================
Received Import Request.
  Time since last request: 13.544764 seconds.
  path: Assets/Art/Enya_Running[Spritesheet].png
  artifactKey: Guid(7c24318acae3dc4449dbe67001e11e1f) Importer(815301076,1909f56bfc062723c751e8b465ee728b)
Start importing Assets/Art/Enya_Running[Spritesheet].png using Guid(7c24318acae3dc4449dbe67001e11e1f) Importer(815301076,1909f56bfc062723c751e8b465ee728b) [PhysX] Initialized MultithreadedTaskDispatcher with 16 workers.
[PhysX] Initialized MultithreadedTaskDispatcher with 16 workers.
 -> (artifact id: 'ac33542b9e1fd5980733f91ee3d04f2f') in 0.014566 seconds
Number of updated asset objects reloaded before import = 0
Number of asset objects unloaded after import = 2
========================================================================
Received Import Request.
  Time since last request: 0.001539 seconds.
  path: Assets/Art/Enya_Idle[Spritesheet].png
  artifactKey: Guid(cf73d2daab172be4682d7539aa2de5f2) Importer(815301076,1909f56bfc062723c751e8b465ee728b)
Start importing Assets/Art/Enya_Idle[Spritesheet].png using Guid(cf73d2daab172be4682d7539aa2de5f2) Importer(815301076,1909f56bfc062723c751e8b465ee728b) [PhysX] Initialized MultithreadedTaskDispatcher with 16 workers.
[PhysX] Initialized MultithreadedTaskDispatcher with 16 workers.
 -> (artifact id: '96ca0ccbf6eaecae0ed36320959db496') in 0.013688 seconds
Number of updated asset objects reloaded before import = 0
Number of asset objects unloaded after import = 2
========================================================================
Received Import Request.
  Time since last request: 17.089863 seconds.
  path: Assets/Art/Enya_Running[Spritesheet].png
  artifactKey: Guid(7c24318acae3dc4449dbe67001e11e1f) Importer(815301076,1909f56bfc062723c751e8b465ee728b)
Start importing Assets/Art/Enya_Running[Spritesheet].png using Guid(7c24318acae3dc4449dbe67001e11e1f) Importer(815301076,1909f56bfc062723c751e8b465ee728b) [PhysX] Initialized MultithreadedTaskDispatcher with 16 workers.
[PhysX] Initialized MultithreadedTaskDispatcher with 16 workers.
 -> (artifact id: '22980ef910728be2d0f27c45d701d9cf') in 0.015601 seconds
Number of updated asset objects reloaded before import = 0
Number of asset objects unloaded after import = 2
========================================================================
Received Import Request.
  Time since last request: 32.116291 seconds.
  path: Assets/Art/Enya_Running[Spritesheet].png
  artifactKey: Guid(7c24318acae3dc4449dbe67001e11e1f) Importer(815301076,1909f56bfc062723c751e8b465ee728b)
Start importing Assets/Art/Enya_Running[Spritesheet].png using Guid(7c24318acae3dc4449dbe67001e11e1f) Importer(815301076,1909f56bfc062723c751e8b465ee728b) [PhysX] Initialized MultithreadedTaskDispatcher with 16 workers.
[PhysX] Initialized MultithreadedTaskDispatcher with 16 workers.
 -> (artifact id: '06cab58aeb19f86b60a079ede257fffb') in 0.036782 seconds
Number of updated asset objects reloaded before import = 0
Number of asset objects unloaded after import = 8
========================================================================
Received Import Request.
  Time since last request: 7.611004 seconds.
  path: Assets/Art/Enya_Idle[Spritesheet].png
  artifactKey: Guid(cf73d2daab172be4682d7539aa2de5f2) Importer(815301076,1909f56bfc062723c751e8b465ee728b)
Start importing Assets/Art/Enya_Idle[Spritesheet].png using Guid(cf73d2daab172be4682d7539aa2de5f2) Importer(815301076,1909f56bfc062723c751e8b465ee728b) [PhysX] Initialized MultithreadedTaskDispatcher with 16 workers.
[PhysX] Initialized MultithreadedTaskDispatcher with 16 workers.
 -> (artifact id: '05e82158bb8019a611bd8f0c6bb6e2ce') in 0.019773 seconds
Number of updated asset objects reloaded before import = 0
Number of asset objects unloaded after import = 4
========================================================================
Received Import Request.
  Time since last request: 39.235193 seconds.
  path: Assets/Art/Animations
  artifactKey: Guid(f6c7202c5947e544d9475c3cb9600921) Importer(815301076,1909f56bfc062723c751e8b465ee728b)
Start importing Assets/Art/Animations using Guid(f6c7202c5947e544d9475c3cb9600921) Importer(815301076,1909f56bfc062723c751e8b465ee728b) [PhysX] Initialized MultithreadedTaskDispatcher with 16 workers.
 -> (artifact id: '8283bf10c62564668d5f18e66076c9f2') in 0.000712 seconds
Number of updated asset objects reloaded before import = 0
Number of asset objects unloaded after import = 0
========================================================================
Received Import Request.
  Time since last request: 17.896408 seconds.
  path: Assets/Art/Enya_Idle[Spritesheet].png
  artifactKey: Guid(cf73d2daab172be4682d7539aa2de5f2) Importer(815301076,1909f56bfc062723c751e8b465ee728b)
Start importing Assets/Art/Enya_Idle[Spritesheet].png using Guid(cf73d2daab172be4682d7539aa2de5f2) Importer(815301076,1909f56bfc062723c751e8b465ee728b) [PhysX] Initialized MultithreadedTaskDispatcher with 16 workers.
[PhysX] Initialized MultithreadedTaskDispatcher with 16 workers.
 -> (artifact id: '9ea0ed121f4ef37a5834243b7650042a') in 0.012580 seconds
Number of updated asset objects reloaded before import = 0
Number of asset objects unloaded after import = 4
========================================================================
Received Import Request.
  Time since last request: 3.851803 seconds.
  path: Assets/Art/Enya_Running[Spritesheet].png
  artifactKey: Guid(7c24318acae3dc4449dbe67001e11e1f) Importer(815301076,1909f56bfc062723c751e8b465ee728b)
Start importing Assets/Art/Enya_Running[Spritesheet].png using Guid(7c24318acae3dc4449dbe67001e11e1f) Importer(815301076,1909f56bfc062723c751e8b465ee728b) [PhysX] Initialized MultithreadedTaskDispatcher with 16 workers.
[PhysX] Initialized MultithreadedTaskDispatcher with 16 workers.
 -> (artifact id: '7ddb4773e6105ed483eaf7ffd3f8aa38') in 0.027115 seconds
Number of updated asset objects reloaded before import = 0
Number of asset objects unloaded after import = 8
========================================================================
Received Import Request.
  Time since last request: 5.857687 seconds.
  path: Assets/Art/Enya_Running[Spritesheet].png
  artifactKey: Guid(7c24318acae3dc4449dbe67001e11e1f) Importer(815301076,1909f56bfc062723c751e8b465ee728b)
Start importing Assets/Art/Enya_Running[Spritesheet].png using Guid(7c24318acae3dc4449dbe67001e11e1f) Importer(815301076,1909f56bfc062723c751e8b465ee728b) [PhysX] Initialized MultithreadedTaskDispatcher with 16 workers.
[PhysX] Initialized MultithreadedTaskDispatcher with 16 workers.
 -> (artifact id: '3d2ecceb9a95dfc62536eb189050bdf2') in 0.025483 seconds
Number of updated asset objects reloaded before import = 0
Number of asset objects unloaded after import = 8
========================================================================
Received Import Request.
  Time since last request: 6.387435 seconds.
  path: Assets/Art/Enya_Running[Spritesheet].png
  artifactKey: Guid(7c24318acae3dc4449dbe67001e11e1f) Importer(815301076,1909f56bfc062723c751e8b465ee728b)
Start importing Assets/Art/Enya_Running[Spritesheet].png using Guid(7c24318acae3dc4449dbe67001e11e1f) Importer(815301076,1909f56bfc062723c751e8b465ee728b) [PhysX] Initialized MultithreadedTaskDispatcher with 16 workers.
[PhysX] Initialized MultithreadedTaskDispatcher with 16 workers.
 -> (artifact id: 'b5da854cfbbd59ccc66506c37e77f58e') in 0.037286 seconds
Number of updated asset objects reloaded before import = 0
Number of asset objects unloaded after import = 8
========================================================================
Received Import Request.
  Time since last request: 131.074922 seconds.
  path: Assets/Art/New Animation.anim
  artifactKey: Guid(860acd6a49f11574c8bf13ebf277930e) Importer(815301076,1909f56bfc062723c751e8b465ee728b)
Start importing Assets/Art/New Animation.anim using Guid(860acd6a49f11574c8bf13ebf277930e) Importer(815301076,1909f56bfc062723c751e8b465ee728b) [PhysX] Initialized MultithreadedTaskDispatcher with 16 workers.
 -> (artifact id: '83fc3d834ad3605523a9f0538960f6d9') in 0.001511 seconds
Number of updated asset objects reloaded before import = 0
Number of asset objects unloaded after import = 1
========================================================================
Received Import Request.
  Time since last request: 111.555680 seconds.
  path: Assets/Art/EnyaJump.anim
  artifactKey: Guid(73274e750ba1ec940b7a7bc2ea73977c) Importer(815301076,1909f56bfc062723c751e8b465ee728b)
Start importing Assets/Art/EnyaJump.anim using Guid(73274e750ba1ec940b7a7bc2ea73977c) Importer(815301076,1909f56bfc062723c751e8b465ee728b) [PhysX] Initialized MultithreadedTaskDispatcher with 16 workers.
 -> (artifact id: '7b50cff8422beec79f2aff738ae4ff39') in 0.002234 seconds
Number of updated asset objects reloaded before import = 0
Number of asset objects unloaded after import = 1
========================================================================
Received Import Request.
  Time since last request: 0.462648 seconds.
  path: Assets/Art/EnyaIdle.anim
  artifactKey: Guid(b18f7737f37610248b9aa9b8ff1cd5dd) Importer(815301076,1909f56bfc062723c751e8b465ee728b)
Start importing Assets/Art/EnyaIdle.anim using Guid(b18f7737f37610248b9aa9b8ff1cd5dd) Importer(815301076,1909f56bfc062723c751e8b465ee728b) [PhysX] Initialized MultithreadedTaskDispatcher with 16 workers.
 -> (artifact id: '4c4add787ea920cf1a7ecd65707fe56a') in 0.001206 seconds
Number of updated asset objects reloaded before import = 0
Number of asset objects unloaded after import = 1
========================================================================
Received Import Request.
  Time since last request: 52.757595 seconds.
  path: Assets/Art/sprite.prefab
  artifactKey: Guid(3e6fc961d148bbd499a83c43acbd37bf) Importer(815301076,1909f56bfc062723c751e8b465ee728b)
Start importing Assets/Art/sprite.prefab using Guid(3e6fc961d148bbd499a83c43acbd37bf) Importer(815301076,1909f56bfc062723c751e8b465ee728b) [PhysX] Initialized MultithreadedTaskDispatcher with 16 workers.
 -> (artifact id: '7eef61cc07160d48c49bdf6114bd5761') in 0.007818 seconds
Number of updated asset objects reloaded before import = 0
Number of asset objects unloaded after import = 6
========================================================================
Received Import Request.
  Time since last request: 25.089213 seconds.
  path: Assets/Art/Enya_Running[Spritesheet].png
  artifactKey: Guid(7c24318acae3dc4449dbe67001e11e1f) Importer(815301076,1909f56bfc062723c751e8b465ee728b)
Start importing Assets/Art/Enya_Running[Spritesheet].png using Guid(7c24318acae3dc4449dbe67001e11e1f) Importer(815301076,1909f56bfc062723c751e8b465ee728b) [PhysX] Initialized MultithreadedTaskDispatcher with 16 workers.
[PhysX] Initialized MultithreadedTaskDispatcher with 16 workers.
 -> (artifact id: '1792dac0da44452bc54d0914e9128583') in 0.017018 seconds
Number of updated asset objects reloaded before import = 0
Number of asset objects unloaded after import = 2
========================================================================
Received Import Request.
  Time since last request: 6.490244 seconds.
  path: Assets/Art/Enya_Running[Spritesheet].png
  artifactKey: Guid(7c24318acae3dc4449dbe67001e11e1f) Importer(815301076,1909f56bfc062723c751e8b465ee728b)
Start importing Assets/Art/Enya_Running[Spritesheet].png using Guid(7c24318acae3dc4449dbe67001e11e1f) Importer(815301076,1909f56bfc062723c751e8b465ee728b) [PhysX] Initialized MultithreadedTaskDispatcher with 16 workers.
[PhysX] Initialized MultithreadedTaskDispatcher with 16 workers.
 -> (artifact id: '8eef19ef0d551318f27a1a3440c1f84d') in 0.044893 seconds
Number of updated asset objects reloaded before import = 0
Number of asset objects unloaded after import = 8
========================================================================
Received Import Request.
  Time since last request: 9.905519 seconds.
  path: Assets/Art/Enya_Idle[Spritesheet].png
  artifactKey: Guid(cf73d2daab172be4682d7539aa2de5f2) Importer(815301076,1909f56bfc062723c751e8b465ee728b)
Start importing Assets/Art/Enya_Idle[Spritesheet].png using Guid(cf73d2daab172be4682d7539aa2de5f2) Importer(815301076,1909f56bfc062723c751e8b465ee728b) [PhysX] Initialized MultithreadedTaskDispatcher with 16 workers.
[PhysX] Initialized MultithreadedTaskDispatcher with 16 workers.
 -> (artifact id: '50bf9d511b9a4139aa974bd10f132761') in 0.021586 seconds
Number of updated asset objects reloaded before import = 0
Number of asset objects unloaded after import = 4
========================================================================
Received Import Request.
  Time since last request: 4.383729 seconds.
  path: Assets/Art/sprite.prefab
  artifactKey: Guid(3e6fc961d148bbd499a83c43acbd37bf) Importer(815301076,1909f56bfc062723c751e8b465ee728b)
Start importing Assets/Art/sprite.prefab using Guid(3e6fc961d148bbd499a83c43acbd37bf) Importer(815301076,1909f56bfc062723c751e8b465ee728b) [PhysX] Initialized MultithreadedTaskDispatcher with 16 workers.
 -> (artifact id: '926dd70defc8ea3248d6e83ee6783031') in 0.002386 seconds
Number of updated asset objects reloaded before import = 0
Number of asset objects unloaded after import = 6
========================================================================
Received Import Request.
  Time since last request: 10.750406 seconds.
  path: Assets/Editor
  artifactKey: Guid(bd838ef879115764eb887aaba6f1a707) Importer(815301076,1909f56bfc062723c751e8b465ee728b)
Start importing Assets/Editor using Guid(bd838ef879115764eb887aaba6f1a707) Importer(815301076,1909f56bfc062723c751e8b465ee728b) [PhysX] Initialized MultithreadedTaskDispatcher with 16 workers.
 -> (artifact id: 'eaa07b2580c8a8642e8a9ce1613c50c4') in 0.000822 seconds
Number of updated asset objects reloaded before import = 0
Number of asset objects unloaded after import = 0
========================================================================
Received Prepare
Caller must complete domain reload
Begin MonoManager ReloadAssembly
- Loaded All Assemblies, in 21.603 seconds
Native extension for WindowsStandalone target not found
[Package Manager] Server::EnsureServerProcessIsRunning -- launch failed, reason: Unity was launched with the -noUpm command-line argument
[Package Manager] UpmClient::Send -- Unable to send message (not connected to UPM process).
[Package Manager] Cannot connect to Unity Package Manager local server
Mono: successfully reloaded assembly
- Finished resetting the current domain, in  1.034 seconds
Domain Reload Profiling: 22635ms
	BeginReloadAssembly (19689ms)
		ExecutionOrderSort (0ms)
		DisableScriptedObjects (19370ms)
		BackupInstance (0ms)
		ReleaseScriptingObjects (0ms)
		CreateAndSetChildDomain (114ms)
	RebuildCommonClasses (42ms)
	RebuildNativeTypeToScriptingClass (12ms)
	initialDomainReloadingComplete (38ms)
	LoadAllAssembliesAndSetupDomain (1818ms)
		LoadAssemblies (1918ms)
		RebuildTransferFunctionScriptingTraits (0ms)
		AnalyzeDomain (61ms)
			TypeCache.Refresh (19ms)
				TypeCache.ScanAssembly (0ms)
			ScanForSourceGeneratedMonoScriptInfo (30ms)
			ResolveRequiredComponents (11ms)
	FinalizeReload (1035ms)
		ReleaseScriptCaches (0ms)
		RebuildScriptCaches (0ms)
		SetupLoadedEditorAssemblies (777ms)
			LogAssemblyErrors (0ms)
			InitializePlatformSupportModulesInManaged (8ms)
			SetLoadedEditorAssemblies (7ms)
			RefreshPlugins (0ms)
			BeforeProcessingInitializeOnLoad (103ms)
			ProcessInitializeOnLoadAttributes (577ms)
			ProcessInitializeOnLoadMethodAttributes (76ms)
			AfterProcessingInitializeOnLoad (6ms)
			EditorAssembliesLoaded (0ms)
		ExecutionOrderSort2 (0ms)
		AwakeInstancesAfterBackupRestoration (22ms)
Refreshing native plugins compatible for Editor in 8.71 ms, found 4 plugins.
Preloading 0 native plugins for Editor in 0.00 ms.
Unloading 5531 Unused Serialized files (Serialized files now loaded: 0)
Unloading 35 unused Assets / (0.9 MB). Loaded Objects now: 6148.
Memory consumption went from 197.6 MB to 196.8 MB.
Total: 9.317100 ms (FindLiveObjects: 0.626400 ms CreateObjectMapping: 0.496100 ms MarkObjects: 7.357400 ms  DeleteObjects: 0.835600 ms)

Prepare: number of updated asset objects reloaded= 0
AssetImportParameters requested are different than current active one (requested -> active):
  custom:container-demuxer-ogg: 62fdf1f143b41e24485cea50d1cbac27 -> 
  custom:video-codec-MediaFoundation-h265: 746d11721c4dcdbdad8f713fa42b33f4 -> 
  custom:video-decoder-ogg-theora: a1e56fd34408186e4bbccfd4996cb3dc -> 
  custom:framework-win-MediaFoundation: 216162199b28c13a410421893ffa2e32 -> 
  custom:CustomObjectIndexerAttribute: 72b91833f83ae208fae7752999fa3104 -> 
  custom:container-demuxer-webm: 4f35f7cbe854078d1ac9338744f61a02 -> 
  custom:container-muxer-webm: aa71ff27fc2769a1b78a27578f13a17b -> 
  custom:video-decoder-webm-vp8: 9c59270c3fd7afecdb556c50c9e8de78 -> 
  custom:scripting/monoscript/fileName/CaptureGameView.cs: 7498884bdd6845e43840529c56763eff -> 
  custom:SearchIndexIgnoredProperties: e643bd26f0fe6173181afceb89e7c659 -> 
  custom:AudioImporter_EditorPlatform: d09bf68614088b80899f8185d706f6e7 -> 
  custom:scripting/monoscript/fileName/AnimationHierarchyEditor.cs: e0abf2714968c204e3bafb654ec0a52f -> 
  custom:video-encoder-webm-vp8: eb34c28f22e8b96e1ab97ce403110664 -> 
  custom:audio-decoder-ogg-vorbis: bf7c407c2cedff20999df2af8eb42d56 -> 
  custom:scripting/monoscript/fileName/ReplaceWithPrefab.cs: f936120f02976c626287bd51ae247c58 -> 
  custom:audio-encoder-webm-vorbis: bf7c407c2cedff20999df2af8eb42d56 -> 
  custom:scripting/precompiled-assembly-types:Assembly-CSharp-Editor: 5309ed4f68800df20c8a58e3dd438d4b -> 
========================================================================
Received Prepare
Caller must complete domain reload
Begin MonoManager ReloadAssembly
- Loaded All Assemblies, in  0.717 seconds
Native extension for WindowsStandalone target not found
[Package Manager] Server::EnsureServerProcessIsRunning -- launch failed, reason: Unity was launched with the -noUpm command-line argument
[Package Manager] UpmClient::Send -- Unable to send message (not connected to UPM process).
[Package Manager] Cannot connect to Unity Package Manager local server
Mono: successfully reloaded assembly
- Finished resetting the current domain, in  2.066 seconds
Domain Reload Profiling: 2778ms
	BeginReloadAssembly (231ms)
		ExecutionOrderSort (0ms)
		DisableScriptedObjects (16ms)
		BackupInstance (0ms)
		ReleaseScriptingObjects (0ms)
		CreateAndSetChildDomain (56ms)
	RebuildCommonClasses (47ms)
	RebuildNativeTypeToScriptingClass (16ms)
	initialDomainReloadingComplete (41ms)
	LoadAllAssembliesAndSetupDomain (377ms)
		LoadAssemblies (471ms)
		RebuildTransferFunctionScriptingTraits (0ms)
		AnalyzeDomain (25ms)
			TypeCache.Refresh (9ms)
				TypeCache.ScanAssembly (0ms)
			ScanForSourceGeneratedMonoScriptInfo (0ms)
			ResolveRequiredComponents (15ms)
	FinalizeReload (2066ms)
		ReleaseScriptCaches (0ms)
		RebuildScriptCaches (0ms)
		SetupLoadedEditorAssemblies (911ms)
			LogAssemblyErrors (0ms)
			InitializePlatformSupportModulesInManaged (9ms)
			SetLoadedEditorAssemblies (8ms)
			RefreshPlugins (0ms)
			BeforeProcessingInitializeOnLoad (128ms)
			ProcessInitializeOnLoadAttributes (667ms)
			ProcessInitializeOnLoadMethodAttributes (89ms)
			AfterProcessingInitializeOnLoad (9ms)
			EditorAssembliesLoaded (0ms)
		ExecutionOrderSort2 (0ms)
		AwakeInstancesAfterBackupRestoration (21ms)
Refreshing native plugins compatible for Editor in 8.85 ms, found 4 plugins.
Preloading 0 native plugins for Editor in 0.00 ms.
Unloading 5531 Unused Serialized files (Serialized files now loaded: 0)
Unloading 35 unused Assets / (0.9 MB). Loaded Objects now: 6153.
Memory consumption went from 197.6 MB to 196.8 MB.
Total: 7.394700 ms (FindLiveObjects: 0.652800 ms CreateObjectMapping: 0.703700 ms MarkObjects: 5.544700 ms  DeleteObjects: 0.491900 ms)

Prepare: number of updated asset objects reloaded= 0
AssetImportParameters requested are different than current active one (requested -> active):
  custom:container-demuxer-ogg: 62fdf1f143b41e24485cea50d1cbac27 -> 
  custom:video-codec-MediaFoundation-h265: 746d11721c4dcdbdad8f713fa42b33f4 -> 
  custom:video-decoder-ogg-theora: a1e56fd34408186e4bbccfd4996cb3dc -> 
  custom:framework-win-MediaFoundation: 216162199b28c13a410421893ffa2e32 -> 
  custom:CustomObjectIndexerAttribute: 72b91833f83ae208fae7752999fa3104 -> 
  custom:container-demuxer-webm: 4f35f7cbe854078d1ac9338744f61a02 -> 
  custom:container-muxer-webm: aa71ff27fc2769a1b78a27578f13a17b -> 
  custom:video-decoder-webm-vp8: 9c59270c3fd7afecdb556c50c9e8de78 -> 
  custom:scripting/monoscript/fileName/CaptureGameView.cs: 7498884bdd6845e43840529c56763eff -> 
  custom:SearchIndexIgnoredProperties: e643bd26f0fe6173181afceb89e7c659 -> 
  custom:AudioImporter_EditorPlatform: d09bf68614088b80899f8185d706f6e7 -> 
  custom:scripting/monoscript/fileName/AnimationHierarchyEditor.cs: e0abf2714968c204e3bafb654ec0a52f -> 
  custom:video-encoder-webm-vp8: eb34c28f22e8b96e1ab97ce403110664 -> 
  custom:audio-decoder-ogg-vorbis: bf7c407c2cedff20999df2af8eb42d56 -> 
  custom:scripting/monoscript/fileName/ReplaceWithPrefab.cs: f936120f02976c626287bd51ae247c58 -> 
  custom:audio-encoder-webm-vorbis: bf7c407c2cedff20999df2af8eb42d56 -> 
  custom:scripting/precompiled-assembly-types:Assembly-CSharp-Editor: 6e3173e946fc4fc1ae0f164f58366441 -> 
========================================================================
Received Import Request.
  Time since last request: 65.692368 seconds.
  path: Assets/Art/Enya_Running[Spritesheet].png
  artifactKey: Guid(7c24318acae3dc4449dbe67001e11e1f) Importer(815301076,1909f56bfc062723c751e8b465ee728b)
Start importing Assets/Art/Enya_Running[Spritesheet].png using Guid(7c24318acae3dc4449dbe67001e11e1f) Importer(815301076,1909f56bfc062723c751e8b465ee728b) [PhysX] Initialized MultithreadedTaskDispatcher with 16 workers.
[PhysX] Initialized MultithreadedTaskDispatcher with 16 workers.
 -> (artifact id: '94310ff926b633111fb86218b816c3f5') in 0.113514 seconds
Number of updated asset objects reloaded before import = 0
Number of asset objects unloaded after import = 8
========================================================================
Received Import Request.
  Time since last request: 13.762764 seconds.
  path: Assets/Art/sprite.prefab
  artifactKey: Guid(3e6fc961d148bbd499a83c43acbd37bf) Importer(815301076,1909f56bfc062723c751e8b465ee728b)
Start importing Assets/Art/sprite.prefab using Guid(3e6fc961d148bbd499a83c43acbd37bf) Importer(815301076,1909f56bfc062723c751e8b465ee728b) [PhysX] Initialized MultithreadedTaskDispatcher with 16 workers.
[PhysX] Initialized MultithreadedTaskDispatcher with 16 workers.
 -> (artifact id: '1a0a0115b195a5820fd3a47a2962e38b') in 0.255329 seconds
Number of updated asset objects reloaded before import = 0
Number of asset objects unloaded after import = 27
========================================================================
Received Import Request.
  Time since last request: 10.782334 seconds.
  path: Assets/Art/Player.controller
  artifactKey: Guid(27fbe667b87c8ca4aa33f36eaf1eed6d) Importer(815301076,1909f56bfc062723c751e8b465ee728b)
Start importing Assets/Art/Player.controller using Guid(27fbe667b87c8ca4aa33f36eaf1eed6d) Importer(815301076,1909f56bfc062723c751e8b465ee728b) [PhysX] Initialized MultithreadedTaskDispatcher with 16 workers.
 -> (artifact id: 'f3a7e31234217500e90e345a545ae61c') in 0.006143 seconds
Number of updated asset objects reloaded before import = 0
Number of asset objects unloaded after import = 33
========================================================================
Received Import Request.
  Time since last request: 37.870873 seconds.
  path: Assets/Art/Player.controller
  artifactKey: Guid(27fbe667b87c8ca4aa33f36eaf1eed6d) Importer(815301076,1909f56bfc062723c751e8b465ee728b)
Start importing Assets/Art/Player.controller using Guid(27fbe667b87c8ca4aa33f36eaf1eed6d) Importer(815301076,1909f56bfc062723c751e8b465ee728b) [PhysX] Initialized MultithreadedTaskDispatcher with 16 workers.
 -> (artifact id: 'c315bd2ea5b23017e517fd3f38e73eaf') in 0.002261 seconds
Number of updated asset objects reloaded before import = 0
Number of asset objects unloaded after import = 11
========================================================================
Received Import Request.
  Time since last request: 12.224699 seconds.
  path: Assets/Art/sprite.prefab
  artifactKey: Guid(3e6fc961d148bbd499a83c43acbd37bf) Importer(815301076,1909f56bfc062723c751e8b465ee728b)
Start importing Assets/Art/sprite.prefab using Guid(3e6fc961d148bbd499a83c43acbd37bf) Importer(815301076,1909f56bfc062723c751e8b465ee728b) [PhysX] Initialized MultithreadedTaskDispatcher with 16 workers.
[PhysX] Initialized MultithreadedTaskDispatcher with 16 workers.
 -> (artifact id: '4d19f47c696e13716f08e95b9c83f3a0') in 0.018227 seconds
Number of updated asset objects reloaded before import = 0
Number of asset objects unloaded after import = 20
========================================================================
Received Import Request.
  Time since last request: 78.500369 seconds.
  path: Assets/Prefabs
  artifactKey: Guid(4908d1f179001a5489a99f3f22994330) Importer(815301076,1909f56bfc062723c751e8b465ee728b)
Start importing Assets/Prefabs using Guid(4908d1f179001a5489a99f3f22994330) Importer(815301076,1909f56bfc062723c751e8b465ee728b) [PhysX] Initialized MultithreadedTaskDispatcher with 16 workers.
 -> (artifact id: 'abd1c83854762630b3f1a968c6a19bce') in 0.000636 seconds
Number of updated asset objects reloaded before import = 0
Number of asset objects unloaded after import = 0
========================================================================
Received Import Request.
  Time since last request: 0.894764 seconds.
  path: Assets/Prefabs/party
  artifactKey: Guid(80d103b2e929c1d40b2798efe700763b) Importer(815301076,1909f56bfc062723c751e8b465ee728b)
Start importing Assets/Prefabs/party using Guid(80d103b2e929c1d40b2798efe700763b) Importer(815301076,1909f56bfc062723c751e8b465ee728b) [PhysX] Initialized MultithreadedTaskDispatcher with 16 workers.
 -> (artifact id: '23dd0a5c49e0fd9c65d64e91e6de8bbe') in 0.000652 seconds
Number of updated asset objects reloaded before import = 0
Number of asset objects unloaded after import = 0
========================================================================
Received Import Request.
  Time since last request: 0.071499 seconds.
  path: Assets/Prefabs/party/sprite.prefab
  artifactKey: Guid(cc2e0fda6e867ba4e901f2ef64a77d46) Importer(815301076,1909f56bfc062723c751e8b465ee728b)
Start importing Assets/Prefabs/party/sprite.prefab using Guid(cc2e0fda6e867ba4e901f2ef64a77d46) Importer(815301076,1909f56bfc062723c751e8b465ee728b) [PhysX] Initialized MultithreadedTaskDispatcher with 16 workers.
[PhysX] Initialized MultithreadedTaskDispatcher with 16 workers.
 -> (artifact id: 'bddce452a9325b5ee5c64e1f9362d402') in 0.432222 seconds
Number of updated asset objects reloaded before import = 0
Number of asset objects unloaded after import = 62
========================================================================
Received Import Request.
  Time since last request: 9.388519 seconds.
  path: Assets/Prefabs/PlayerSprite.prefab
  artifactKey: Guid(cc2e0fda6e867ba4e901f2ef64a77d46) Importer(815301076,1909f56bfc062723c751e8b465ee728b)
Start importing Assets/Prefabs/PlayerSprite.prefab using Guid(cc2e0fda6e867ba4e901f2ef64a77d46) Importer(815301076,1909f56bfc062723c751e8b465ee728b) [PhysX] Initialized MultithreadedTaskDispatcher with 16 workers.
[PhysX] Initialized MultithreadedTaskDispatcher with 16 workers.
 -> (artifact id: '6f21b369f3c8ee3209442233e4325179') in 0.023150 seconds
Number of updated asset objects reloaded before import = 0
Number of asset objects unloaded after import = 62
========================================================================
Received Import Request.
  Time since last request: 6.524559 seconds.
  path: Assets/Materials/characters/SpriteGlow.mat
  artifactKey: Guid(d849e9b24a65fb8439248c423a1a9f19) Importer(815301076,1909f56bfc062723c751e8b465ee728b)
Start importing Assets/Materials/characters/SpriteGlow.mat using Guid(d849e9b24a65fb8439248c423a1a9f19) Importer(815301076,1909f56bfc062723c751e8b465ee728b) [PhysX] Initialized MultithreadedTaskDispatcher with 16 workers.
[PhysX] Initialized MultithreadedTaskDispatcher with 16 workers.
 -> (artifact id: 'a73a820910671ba8802228f70de2965c') in 0.059546 seconds
Number of updated asset objects reloaded before import = 0
Number of asset objects unloaded after import = 3
========================================================================
Received Import Request.
  Time since last request: 4.803019 seconds.
  path: Assets/Prefabs/PlayerSprite.prefab
  artifactKey: Guid(cc2e0fda6e867ba4e901f2ef64a77d46) Importer(815301076,1909f56bfc062723c751e8b465ee728b)
Start importing Assets/Prefabs/PlayerSprite.prefab using Guid(cc2e0fda6e867ba4e901f2ef64a77d46) Importer(815301076,1909f56bfc062723c751e8b465ee728b) [PhysX] Initialized MultithreadedTaskDispatcher with 16 workers.
[PhysX] Initialized MultithreadedTaskDispatcher with 16 workers.
 -> (artifact id: 'd03dc0d382865ef7ea79d698427a40da') in 0.021241 seconds
Number of updated asset objects reloaded before import = 0
Number of asset objects unloaded after import = 62
========================================================================
Received Import Request.
  Time since last request: 2.498162 seconds.
  path: Assets/Prefabs/PlayerSprite.prefab
  artifactKey: Guid(cc2e0fda6e867ba4e901f2ef64a77d46) Importer(815301076,1909f56bfc062723c751e8b465ee728b)
Start importing Assets/Prefabs/PlayerSprite.prefab using Guid(cc2e0fda6e867ba4e901f2ef64a77d46) Importer(815301076,1909f56bfc062723c751e8b465ee728b) [PhysX] Initialized MultithreadedTaskDispatcher with 16 workers.
[PhysX] Initialized MultithreadedTaskDispatcher with 16 workers.
 -> (artifact id: '9e7b30bbcef90f9e76a788903a6aff73') in 0.018220 seconds
Number of updated asset objects reloaded before import = 0
Number of asset objects unloaded after import = 62
========================================================================
Received Import Request.
  Time since last request: 0.859961 seconds.
  path: Assets/Prefabs/PlayerSprite.prefab
  artifactKey: Guid(cc2e0fda6e867ba4e901f2ef64a77d46) Importer(815301076,1909f56bfc062723c751e8b465ee728b)
Start importing Assets/Prefabs/PlayerSprite.prefab using Guid(cc2e0fda6e867ba4e901f2ef64a77d46) Importer(815301076,1909f56bfc062723c751e8b465ee728b) [PhysX] Initialized MultithreadedTaskDispatcher with 16 workers.
[PhysX] Initialized MultithreadedTaskDispatcher with 16 workers.
 -> (artifact id: '09ecf19b289a72967d461a086cfe0875') in 0.019890 seconds
Number of updated asset objects reloaded before import = 0
Number of asset objects unloaded after import = 62
========================================================================
Received Import Request.
  Time since last request: 6.703229 seconds.
  path: Assets/Prefabs/PlayerSprite.prefab
  artifactKey: Guid(cc2e0fda6e867ba4e901f2ef64a77d46) Importer(815301076,1909f56bfc062723c751e8b465ee728b)
Start importing Assets/Prefabs/PlayerSprite.prefab using Guid(cc2e0fda6e867ba4e901f2ef64a77d46) Importer(815301076,1909f56bfc062723c751e8b465ee728b) [PhysX] Initialized MultithreadedTaskDispatcher with 16 workers.
[PhysX] Initialized MultithreadedTaskDispatcher with 16 workers.
 -> (artifact id: '5ffa1098346bf38524b07783374f65c1') in 0.024160 seconds
Number of updated asset objects reloaded before import = 0
Number of asset objects unloaded after import = 60
========================================================================
Received Import Request.
  Time since last request: 1.957848 seconds.
  path: Assets/Prefabs/PlayerSprite.prefab
  artifactKey: Guid(cc2e0fda6e867ba4e901f2ef64a77d46) Importer(815301076,1909f56bfc062723c751e8b465ee728b)
Start importing Assets/Prefabs/PlayerSprite.prefab using Guid(cc2e0fda6e867ba4e901f2ef64a77d46) Importer(815301076,1909f56bfc062723c751e8b465ee728b) [PhysX] Initialized MultithreadedTaskDispatcher with 16 workers.
[PhysX] Initialized MultithreadedTaskDispatcher with 16 workers.
 -> (artifact id: 'ababa1594f17c08ebea1e8e273021010') in 0.016478 seconds
Number of updated asset objects reloaded before import = 0
Number of asset objects unloaded after import = 60
========================================================================
Received Import Request.
  Time since last request: 7.931211 seconds.
  path: Assets/Art/sprites/Enya_Idle[Spritesheet].png
  artifactKey: Guid(f691efa6c840fb1459815201c12b1ceb) Importer(815301076,1909f56bfc062723c751e8b465ee728b)
Start importing Assets/Art/sprites/Enya_Idle[Spritesheet].png using Guid(f691efa6c840fb1459815201c12b1ceb) Importer(815301076,1909f56bfc062723c751e8b465ee728b) [PhysX] Initialized MultithreadedTaskDispatcher with 16 workers.
[PhysX] Initialized MultithreadedTaskDispatcher with 16 workers.
 -> (artifact id: '2c07f26bae649266258bb3fd6e2cc364') in 0.026435 seconds
Number of updated asset objects reloaded before import = 0
Number of asset objects unloaded after import = 4
========================================================================
Received Import Request.
  Time since last request: 79.861292 seconds.
  path: Assets/Prefabs/PlayerSprite.prefab
  artifactKey: Guid(cc2e0fda6e867ba4e901f2ef64a77d46) Importer(815301076,1909f56bfc062723c751e8b465ee728b)
Start importing Assets/Prefabs/PlayerSprite.prefab using Guid(cc2e0fda6e867ba4e901f2ef64a77d46) Importer(815301076,1909f56bfc062723c751e8b465ee728b) [PhysX] Initialized MultithreadedTaskDispatcher with 16 workers.
[PhysX] Initialized MultithreadedTaskDispatcher with 16 workers.
 -> (artifact id: '98ba76e44b1d0a2febc907237252f3f5') in 0.109245 seconds
Number of updated asset objects reloaded before import = 0
Number of asset objects unloaded after import = 62
========================================================================
Received Import Request.
  Time since last request: 8.778386 seconds.
  path: Assets/Materials
  artifactKey: Guid(308e4b68312ff40488e7675582fdad04) Importer(815301076,1909f56bfc062723c751e8b465ee728b)
Start importing Assets/Materials using Guid(308e4b68312ff40488e7675582fdad04) Importer(815301076,1909f56bfc062723c751e8b465ee728b) [PhysX] Initialized MultithreadedTaskDispatcher with 16 workers.
 -> (artifact id: 'd63d2a2e81b67793ead2d20445a45c24') in 0.000862 seconds
Number of updated asset objects reloaded before import = 0
Number of asset objects unloaded after import = 0
========================================================================
Received Import Request.
  Time since last request: 0.904140 seconds.
  path: Assets/Materials/characters
  artifactKey: Guid(a12962f03a18796449d0611b31ad6636) Importer(815301076,1909f56bfc062723c751e8b465ee728b)
Start importing Assets/Materials/characters using Guid(a12962f03a18796449d0611b31ad6636) Importer(815301076,1909f56bfc062723c751e8b465ee728b) [PhysX] Initialized MultithreadedTaskDispatcher with 16 workers.
 -> (artifact id: '19447fff80ba07122848a73ef3d2241e') in 0.000542 seconds
Number of updated asset objects reloaded before import = 0
Number of asset objects unloaded after import = 0
========================================================================
Received Import Request.
  Time since last request: 13.885706 seconds.
  path: Assets/Materials/SpriteGlow.mat
  artifactKey: Guid(d849e9b24a65fb8439248c423a1a9f19) Importer(815301076,1909f56bfc062723c751e8b465ee728b)
Start importing Assets/Materials/SpriteGlow.mat using Guid(d849e9b24a65fb8439248c423a1a9f19) Importer(815301076,1909f56bfc062723c751e8b465ee728b) [PhysX] Initialized MultithreadedTaskDispatcher with 16 workers.
[PhysX] Initialized MultithreadedTaskDispatcher with 16 workers.
 -> (artifact id: '01bbb8ebe0cc10a5d67c4ad3be4b4fe8') in 0.011393 seconds
Number of updated asset objects reloaded before import = 0
Number of asset objects unloaded after import = 3
========================================================================
Received Import Request.
  Time since last request: 12.508990 seconds.
  path: Assets/Art/sprites
  artifactKey: Guid(c993ab32a7255a0499d4bd987056efad) Importer(815301076,1909f56bfc062723c751e8b465ee728b)
Start importing Assets/Art/sprites using Guid(c993ab32a7255a0499d4bd987056efad) Importer(815301076,1909f56bfc062723c751e8b465ee728b) [PhysX] Initialized MultithreadedTaskDispatcher with 16 workers.
 -> (artifact id: 'd8fe593395c814152e7017ac45b83217') in 0.000813 seconds
Number of updated asset objects reloaded before import = 0
Number of asset objects unloaded after import = 0
========================================================================
Received Import Request.
  Time since last request: 0.067698 seconds.
  path: Assets/Art/sprites/Enya_Running[Spritesheet].png
  artifactKey: Guid(7f14779e9cdc01843923d6346fe89b57) Importer(815301076,1909f56bfc062723c751e8b465ee728b)
Start importing Assets/Art/sprites/Enya_Running[Spritesheet].png using Guid(7f14779e9cdc01843923d6346fe89b57) Importer(815301076,1909f56bfc062723c751e8b465ee728b) [PhysX] Initialized MultithreadedTaskDispatcher with 16 workers.
[PhysX] Initialized MultithreadedTaskDispatcher with 16 workers.
 -> (artifact id: '2767954ab0fdb467d2823c25d57e5f6e') in 0.035533 seconds
Number of updated asset objects reloaded before import = 0
Number of asset objects unloaded after import = 8
========================================================================
Received Import Request.
  Time since last request: 1.553594 seconds.
  path: Assets/Art/shader
  artifactKey: Guid(033d9de736ac86d48ae324bcb9250a35) Importer(815301076,1909f56bfc062723c751e8b465ee728b)
Start importing Assets/Art/shader using Guid(033d9de736ac86d48ae324bcb9250a35) Importer(815301076,1909f56bfc062723c751e8b465ee728b) [PhysX] Initialized MultithreadedTaskDispatcher with 16 workers.
 -> (artifact id: '5ef8d60e19ebabb83357691e55964022') in 0.000544 seconds
Number of updated asset objects reloaded before import = 0
Number of asset objects unloaded after import = 0
========================================================================
Received Import Request.
  Time since last request: 0.062434 seconds.
  path: Assets/Art/shader/SpriteOffset.shadersubgraph
  artifactKey: Guid(2721879c95f9f1c4e88918a023e21684) Importer(815301076,1909f56bfc062723c751e8b465ee728b)
Start importing Assets/Art/shader/SpriteOffset.shadersubgraph using Guid(2721879c95f9f1c4e88918a023e21684) Importer(815301076,1909f56bfc062723c751e8b465ee728b) [PhysX] Initialized MultithreadedTaskDispatcher with 16 workers.
 -> (artifact id: 'de5d23a31f6188db003d17c723477a30') in 0.003645 seconds
Number of updated asset objects reloaded before import = 0
Number of asset objects unloaded after import = 1
========================================================================
Received Import Request.
  Time since last request: 1.568915 seconds.
  path: Assets/Art/animations
  artifactKey: Guid(f6c7202c5947e544d9475c3cb9600921) Importer(815301076,1909f56bfc062723c751e8b465ee728b)
Start importing Assets/Art/animations using Guid(f6c7202c5947e544d9475c3cb9600921) Importer(815301076,1909f56bfc062723c751e8b465ee728b) [PhysX] Initialized MultithreadedTaskDispatcher with 16 workers.
 -> (artifact id: '8b5c4e945a1aa7cf8f233f71646b73e1') in 0.000522 seconds
Number of updated asset objects reloaded before import = 0
Number of asset objects unloaded after import = 0
========================================================================
Received Import Request.
  Time since last request: 0.566474 seconds.
  path: Assets/Art/animations/character
  artifactKey: Guid(597a2364601570c47a952ac1b4585df5) Importer(815301076,1909f56bfc062723c751e8b465ee728b)
Start importing Assets/Art/animations/character using Guid(597a2364601570c47a952ac1b4585df5) Importer(815301076,1909f56bfc062723c751e8b465ee728b) [PhysX] Initialized MultithreadedTaskDispatcher with 16 workers.
 -> (artifact id: 'd6a8e8e43d76df26288a5a0d68e8cfb8') in 0.000685 seconds
Number of updated asset objects reloaded before import = 0
Number of asset objects unloaded after import = 0
========================================================================
Received Import Request.
  Time since last request: 1.582158 seconds.
  path: Assets/Art/animations/character/Ignite Loop White.anim
  artifactKey: Guid(ee5b08701803fe848a5a7b39705a4e62) Importer(815301076,1909f56bfc062723c751e8b465ee728b)
Start importing Assets/Art/animations/character/Ignite Loop White.anim using Guid(ee5b08701803fe848a5a7b39705a4e62) Importer(815301076,1909f56bfc062723c751e8b465ee728b) [PhysX] Initialized MultithreadedTaskDispatcher with 16 workers.
 -> (artifact id: 'd69ca1f6e74b700b196cfb9dfffdc786') in 0.001579 seconds
Number of updated asset objects reloaded before import = 0
Number of asset objects unloaded after import = 1
========================================================================
Received Import Request.
  Time since last request: 10.518349 seconds.
  path: Assets/Art/animations/character/Player.controller
  artifactKey: Guid(f9f4223f3bb79d348920782b091bfc5e) Importer(815301076,1909f56bfc062723c751e8b465ee728b)
Start importing Assets/Art/animations/character/Player.controller using Guid(f9f4223f3bb79d348920782b091bfc5e) Importer(815301076,1909f56bfc062723c751e8b465ee728b) [PhysX] Initialized MultithreadedTaskDispatcher with 16 workers.
 -> (artifact id: '67fe04bb9568be09ac4be7be47d187bf') in 0.006274 seconds
Number of updated asset objects reloaded before import = 0
Number of asset objects unloaded after import = 43
========================================================================
Received Import Request.
  Time since last request: 23.425041 seconds.
  path: Assets/Art/animations/character/Ignite Loop Red.anim
  artifactKey: Guid(fc09f809d24761346abee0816a3ed054) Importer(815301076,1909f56bfc062723c751e8b465ee728b)
Start importing Assets/Art/animations/character/Ignite Loop Red.anim using Guid(fc09f809d24761346abee0816a3ed054) Importer(815301076,1909f56bfc062723c751e8b465ee728b) [PhysX] Initialized MultithreadedTaskDispatcher with 16 workers.
 -> (artifact id: 'cf5703a61a0944d5539fcf41076823f5') in 0.001689 seconds
Number of updated asset objects reloaded before import = 0
Number of asset objects unloaded after import = 1
========================================================================
Received Import Request.
  Time since last request: 28.003953 seconds.
  path: Assets/Art/animations/character/Ignite
  artifactKey: Guid(54fc1dc545213d44eb5e2dd8e54e5b73) Importer(815301076,1909f56bfc062723c751e8b465ee728b)
Start importing Assets/Art/animations/character/Ignite using Guid(54fc1dc545213d44eb5e2dd8e54e5b73) Importer(815301076,1909f56bfc062723c751e8b465ee728b) [PhysX] Initialized MultithreadedTaskDispatcher with 16 workers.
 -> (artifact id: 'f9cfeceac97e79e26aedbc6f4f987b5d') in 0.000922 seconds
Number of updated asset objects reloaded before import = 0
Number of asset objects unloaded after import = 0
========================================================================
Received Import Request.
  Time since last request: 1.175578 seconds.
  path: Assets/Art/animations/character/Ignite Burst Blue.anim
  artifactKey: Guid(a3e1c303a7a3bf74a8415e60aa0fa215) Importer(815301076,1909f56bfc062723c751e8b465ee728b)
Start importing Assets/Art/animations/character/Ignite Burst Blue.anim using Guid(a3e1c303a7a3bf74a8415e60aa0fa215) Importer(815301076,1909f56bfc062723c751e8b465ee728b) [PhysX] Initialized MultithreadedTaskDispatcher with 16 workers.
 -> (artifact id: '7bf63e3a6c67467c8c4e6034d51fd887') in 0.001984 seconds
Number of updated asset objects reloaded before import = 0
Number of asset objects unloaded after import = 1
========================================================================
Received Import Request.
  Time since last request: 92.609731 seconds.
  path: Assets/Art/animations/character/FireParticle1.png
  artifactKey: Guid(223658ab37d3c314387a1c76375d91a7) Importer(815301076,1909f56bfc062723c751e8b465ee728b)
Start importing Assets/Art/animations/character/FireParticle1.png using Guid(223658ab37d3c314387a1c76375d91a7) Importer(815301076,1909f56bfc062723c751e8b465ee728b) [PhysX] Initialized MultithreadedTaskDispatcher with 16 workers.
[PhysX] Initialized MultithreadedTaskDispatcher with 16 workers.
 -> (artifact id: 'fb0280172de177ed6b600ba73de31abf') in 0.080985 seconds
Number of updated asset objects reloaded before import = 0
Number of asset objects unloaded after import = 3
========================================================================
Received Import Request.
  Time since last request: 0.000029 seconds.
  path: Assets/Art/animations/character/FireParticle3.png
  artifactKey: Guid(c5f58a07bd21a74428a4efd7ae8cc69a) Importer(815301076,1909f56bfc062723c751e8b465ee728b)
Start importing Assets/Art/animations/character/FireParticle3.png using Guid(c5f58a07bd21a74428a4efd7ae8cc69a) Importer(815301076,1909f56bfc062723c751e8b465ee728b) [PhysX] Initialized MultithreadedTaskDispatcher with 16 workers.
[PhysX] Initialized MultithreadedTaskDispatcher with 16 workers.
 -> (artifact id: 'c3c2d5dcb533a18aca470551dfdec628') in 0.043291 seconds
Number of updated asset objects reloaded before import = 0
Number of asset objects unloaded after import = 3
========================================================================
Received Import Request.
  Time since last request: 85.988024 seconds.
  path: Assets/Art/sprites/fire 1.mat
  artifactKey: Guid(9106abd26337ec1458838e53b8180896) Importer(815301076,1909f56bfc062723c751e8b465ee728b)
Start importing Assets/Art/sprites/fire 1.mat using Guid(9106abd26337ec1458838e53b8180896) Importer(815301076,1909f56bfc062723c751e8b465ee728b) [PhysX] Initialized MultithreadedTaskDispatcher with 16 workers.
[PhysX] Initialized MultithreadedTaskDispatcher with 16 workers.
 -> (artifact id: '2a3b8cdd93dff3e1476941e52e77df57') in 0.044257 seconds
Number of updated asset objects reloaded before import = 0
Number of asset objects unloaded after import = 2
========================================================================
Received Import Request.
  Time since last request: 0.000028 seconds.
  path: Assets/Art/sprites/fire 3.mat
  artifactKey: Guid(5ef81d8dd9df2664ebbb23f0396842ff) Importer(815301076,1909f56bfc062723c751e8b465ee728b)
Start importing Assets/Art/sprites/fire 3.mat using Guid(5ef81d8dd9df2664ebbb23f0396842ff) Importer(815301076,1909f56bfc062723c751e8b465ee728b) [PhysX] Initialized MultithreadedTaskDispatcher with 16 workers.
[PhysX] Initialized MultithreadedTaskDispatcher with 16 workers.
 -> (artifact id: '1e939cb6f6921679053ad54e8994b4a3') in 0.013864 seconds
Number of updated asset objects reloaded before import = 0
Number of asset objects unloaded after import = 2
========================================================================
Received Import Request.
  Time since last request: 153.828012 seconds.
  path: Assets/Art/Ignite.mat
  artifactKey: Guid(1915769e1a5236a42955978534e72f2a) Importer(815301076,1909f56bfc062723c751e8b465ee728b)
Start importing Assets/Art/Ignite.mat using Guid(1915769e1a5236a42955978534e72f2a) Importer(815301076,1909f56bfc062723c751e8b465ee728b) [PhysX] Initialized MultithreadedTaskDispatcher with 16 workers.
[PhysX] Initialized MultithreadedTaskDispatcher with 16 workers.
 -> (artifact id: 'd6b2b92b2ec8184210799e6e0a8c21e1') in 0.223983 seconds
Number of updated asset objects reloaded before import = 0
Number of asset objects unloaded after import = 2
========================================================================
Received Import Request.
  Time since last request: 111.564822 seconds.
  path: Assets/Prefabs/party/sprite 1.prefab
  artifactKey: Guid(8ff7644675d88aa449089fa824d5df49) Importer(815301076,1909f56bfc062723c751e8b465ee728b)
Start importing Assets/Prefabs/party/sprite 1.prefab using Guid(8ff7644675d88aa449089fa824d5df49) Importer(815301076,1909f56bfc062723c751e8b465ee728b) [PhysX] Initialized MultithreadedTaskDispatcher with 16 workers.
[PhysX] Initialized MultithreadedTaskDispatcher with 16 workers.
 -> (artifact id: '9e3bc7d313f24d067e8ba7a0efa754ee') in 0.406868 seconds
Number of updated asset objects reloaded before import = 0
Number of asset objects unloaded after import = 105
========================================================================
Received Import Request.
  Time since last request: 11.222716 seconds.
  path: Assets/Prefabs/sprite 1.prefab
  artifactKey: Guid(8ff7644675d88aa449089fa824d5df49) Importer(815301076,1909f56bfc062723c751e8b465ee728b)
Start importing Assets/Prefabs/sprite 1.prefab using Guid(8ff7644675d88aa449089fa824d5df49) Importer(815301076,1909f56bfc062723c751e8b465ee728b) [PhysX] Initialized MultithreadedTaskDispatcher with 16 workers.
[PhysX] Initialized MultithreadedTaskDispatcher with 16 workers.
 -> (artifact id: 'f2ab84f1c15b37e23f3b47f56c217f9c') in 0.043645 seconds
Number of updated asset objects reloaded before import = 0
Number of asset objects unloaded after import = 105
========================================================================
Received Import Request.
  Time since last request: 11.280441 seconds.
  path: Assets/Art/animations/character/fire 1.mat
  artifactKey: Guid(030dde1c15e8b4345b50e77b35e9d69e) Importer(815301076,1909f56bfc062723c751e8b465ee728b)
Start importing Assets/Art/animations/character/fire 1.mat using Guid(030dde1c15e8b4345b50e77b35e9d69e) Importer(815301076,1909f56bfc062723c751e8b465ee728b) [PhysX] Initialized MultithreadedTaskDispatcher with 16 workers.
[PhysX] Initialized MultithreadedTaskDispatcher with 16 workers.
 -> (artifact id: '2ade0cdd1ff4b1adc1d549af724edd8c') in 0.029697 seconds
Number of updated asset objects reloaded before import = 0
Number of asset objects unloaded after import = 3
========================================================================
Received Import Request.
  Time since last request: 0.000051 seconds.
  path: Assets/Art/animations/character/fire 3.mat
  artifactKey: Guid(0354b9353e3192f43a33e734a54eda3a) Importer(815301076,1909f56bfc062723c751e8b465ee728b)
Start importing Assets/Art/animations/character/fire 3.mat using Guid(0354b9353e3192f43a33e734a54eda3a) Importer(815301076,1909f56bfc062723c751e8b465ee728b) [PhysX] Initialized MultithreadedTaskDispatcher with 16 workers.
[PhysX] Initialized MultithreadedTaskDispatcher with 16 workers.
 -> (artifact id: '78ef0d775c33dcebd0dfd2feb7618db9') in 0.018434 seconds
Number of updated asset objects reloaded before import = 0
Number of asset objects unloaded after import = 3
